<?xml version="1.0" encoding="utf-8"?><testsuites name="pytest tests"><testsuite name="pytest" errors="0" failures="0" skipped="0" tests="5" time="0.479" timestamp="2025-11-04T22:55:34.540590-05:00" hostname="mash"><testcase classname="tests.test_checks" name="test_no_negative_order_amounts" time="0.118" /><testcase classname="tests.test_checks" name="test_order_id_unique" time="0.017" /><testcase classname="tests.test_checks" name="test_orders_have_valid_customers" time="0.017" /><testcase classname="tests.test_checks" name="test_order_status_values_are_valid" time="0.017" /><testcase classname="tests.test_checks" name="test_no_orders_before_customer_signup" time="0.017" /></testsuite></testsuites>